<?xml version="1.0" encoding="UTF-8"?>
<!-- Generated by org.testng.reporters.JUnitXMLReporter -->
<testsuite ignored="0" hostname="OM-SAI-RAM" failures="0" tests="10" name="Surefire test" time="21.944" errors="0" timestamp="2024-01-03T21:26:13 IST">
  <testcase classname="api.Test.DataDrivenTest" name="postUserTest" time="4.501"/>
  <testcase classname="api.Test.DataDrivenTest" name="postUserTest" time="1.451"/>
  <testcase classname="api.Test.DataDrivenTest" name="postUserTest" time="1.423"/>
  <testcase classname="api.Test.DataDrivenTest" name="deleteUserByNameTest" time="1.233"/>
  <testcase classname="api.Test.DataDrivenTest" name="deleteUserByNameTest" time="1.207"/>
  <testcase classname="api.Test.DataDrivenTest" name="deleteUserByNameTest" time="1.22"/>
  <testcase classname="api.Test.UserTests" name="postUserTest" time="1.605"/>
  <testcase classname="api.Test.UserTests" name="getUserByNameTest" time="1.318"/>
  <testcase classname="api.Test.UserTests" name="updateUserByNameTest" time="2.813"/>
  <testcase classname="api.Test.UserTests" name="deleteuserByNameTest" time="1.391"/>
</testsuite> <!-- Surefire test -->
