<?xml version="1.0" encoding="UTF-8"?>
<!-- Generated by org.testng.reporters.JUnitXMLReporter -->
<testsuite ignored="0" hostname="OM-SAI-RAM" failures="0" tests="10" name="Test" time="22.434" errors="0" timestamp="2024-01-03T01:16:59 IST">
  <testcase classname="api.Test.DataDrivenTest" name="postUserTest" time="4.653"/>
  <testcase classname="api.Test.DataDrivenTest" name="postUserTest" time="1.563"/>
  <testcase classname="api.Test.DataDrivenTest" name="postUserTest" time="1.524"/>
  <testcase classname="api.Test.DataDrivenTest" name="deleteUserByNameTest" time="1.608"/>
  <testcase classname="api.Test.DataDrivenTest" name="deleteUserByNameTest" time="1.371"/>
  <testcase classname="api.Test.DataDrivenTest" name="deleteUserByNameTest" time="1.312"/>
  <testcase classname="api.Test.UserTests" name="postUserTest" time="1.647"/>
  <testcase classname="api.Test.UserTests" name="getUserByNameTest" time="1.475"/>
  <testcase classname="api.Test.UserTests" name="updateUserByNameTest" time="3.048"/>
  <testcase classname="api.Test.UserTests" name="deleteuserByNameTest" time="1.388"/>
</testsuite> <!-- Test -->
