<?xml version="1.0" encoding="UTF-8"?>
<!-- Generated by org.testng.reporters.JUnitXMLReporter -->
<testsuite ignored="0" hostname="OM-SAI-RAM" failures="0" tests="4" name="UserTest" time="8.963" errors="0" timestamp="2024-01-03T20:34:26 IST">
  <testcase classname="api.Test.UserTestsUsingPropertyFile" name="postUserTest" time="3.0"/>
  <testcase classname="api.Test.UserTestsUsingPropertyFile" name="getUserByNameTest" time="1.173"/>
  <testcase classname="api.Test.UserTestsUsingPropertyFile" name="updateUserByNameTest" time="2.256"/>
  <testcase classname="api.Test.UserTestsUsingPropertyFile" name="deleteuserByNameTest" time="1.097"/>
</testsuite> <!-- UserTest -->
