<?xml version="1.0" encoding="UTF-8"?>
<!-- Generated by org.testng.reporters.JUnitXMLReporter -->
<testsuite ignored="0" hostname="OM-SAI-RAM" failures="0" tests="6" name="Default test" time="10.342" errors="0" timestamp="2024-01-02T23:59:57 IST">
  <testcase classname="api.Test.DataDrivenTesting" name="postUserTest" time="3.05"/>
  <testcase classname="api.Test.DataDrivenTesting" name="postUserTest" time="1.13"/>
  <testcase classname="api.Test.DataDrivenTesting" name="postUserTest" time="1.078"/>
  <testcase classname="api.Test.DataDrivenTesting" name="deleteUserByNameTest" time="1.3"/>
  <testcase classname="api.Test.DataDrivenTesting" name="deleteUserByNameTest" time="1.172"/>
  <testcase classname="api.Test.DataDrivenTesting" name="deleteUserByNameTest" time="1.15"/>
</testsuite> <!-- Default test -->
