<?xml version="1.0" encoding="UTF-8"?>
<!-- Generated by org.testng.reporters.JUnitXMLReporter -->
<testsuite ignored="0" hostname="OM-SAI-RAM" failures="0" tests="6" name="Command line test" time="11.012" errors="0" timestamp="2024-01-03T21:12:11 IST">
  <testcase classname="api.Test.DataDrivenTest" name="postUserTest" time="3.094"/>
  <testcase classname="api.Test.DataDrivenTest" name="postUserTest" time="1.159"/>
  <testcase classname="api.Test.DataDrivenTest" name="postUserTest" time="1.095"/>
  <testcase classname="api.Test.DataDrivenTest" name="deleteUserByNameTest" time="1.179"/>
  <testcase classname="api.Test.DataDrivenTest" name="deleteUserByNameTest" time="1.104"/>
  <testcase classname="api.Test.DataDrivenTest" name="deleteUserByNameTest" time="1.111"/>
</testsuite> <!-- Command line test -->
